0 info it worked if it ends with ok
1 verbose cli [ 'C:\\Program Files\\nodejs\\node.exe',
1 verbose cli   'C:\\Program Files\\nodejs\\node_modules\\npm\\bin\\npm-cli.js',
1 verbose cli   'uninstall',
1 verbose cli   '--save',
1 verbose cli   '-f',
1 verbose cli   'openlayers' ]
2 info using npm@3.3.12
3 info using node@v5.5.0
4 warn using --force I sure hope you know what you are doing.
5 silly loadCurrentTree Starting
6 silly install loadCurrentTree
7 silly install readLocalPackageData
8 silly install normalizeTree
9 silly loadCurrentTree Finishing
10 silly loadIdealTree Starting
11 silly install loadIdealTree
12 silly cloneCurrentTree Starting
13 silly install cloneCurrentTreeToIdealTree
14 silly cloneCurrentTree Finishing
15 silly loadShrinkwrap Starting
16 silly install loadShrinkwrap
17 silly loadShrinkwrap Finishing
18 silly loadAllDepsIntoIdealTree Starting
19 silly uninstall loadAllDepsIntoIdealtree
20 verbose stack Error: Missing required argument #3
20 verbose stack     at replaceModule (C:\Program Files\nodejs\node_modules\npm\lib\install\deps.js:427:3)
20 verbose stack     at C:\Program Files\nodejs\node_modules\npm\lib\install\deps.js:236:7
20 verbose stack     at Array.forEach (native)
20 verbose stack     at exports.removeDeps (C:\Program Files\nodejs\node_modules\npm\lib\install\deps.js:232:8)
20 verbose stack     at Array.<anonymous> (C:\Program Files\nodejs\node_modules\npm\node_modules\slide\lib\bind-actor.js:15:8)
20 verbose stack     at LOOP (C:\Program Files\nodejs\node_modules\npm\node_modules\slide\lib\chain.js:15:14)
20 verbose stack     at chain (C:\Program Files\nodejs\node_modules\npm\node_modules\slide\lib\chain.js:20:5)
20 verbose stack     at Uninstaller.loadAllDepsIntoIdealTree (C:\Program Files\nodejs\node_modules\npm\lib\uninstall.js:72:3)
20 verbose stack     at Array.<anonymous> (C:\Program Files\nodejs\node_modules\npm\node_modules\slide\lib\bind-actor.js:15:8)
20 verbose stack     at LOOP (C:\Program Files\nodejs\node_modules\npm\node_modules\slide\lib\chain.js:15:14)
21 verbose cwd D:\wamp\www\tinyroadbook
22 error Windows_NT 10.0.10586
23 error argv "C:\\Program Files\\nodejs\\node.exe" "C:\\Program Files\\nodejs\\node_modules\\npm\\bin\\npm-cli.js" "uninstall" "--save" "-f" "openlayers"
24 error node v5.5.0
25 error npm  v3.3.12
26 error code EMISSINGARG
27 error typeerror Error: Missing required argument #3
27 error typeerror     at replaceModule (C:\Program Files\nodejs\node_modules\npm\lib\install\deps.js:427:3)
27 error typeerror     at C:\Program Files\nodejs\node_modules\npm\lib\install\deps.js:236:7
27 error typeerror     at Array.forEach (native)
27 error typeerror     at exports.removeDeps (C:\Program Files\nodejs\node_modules\npm\lib\install\deps.js:232:8)
27 error typeerror     at Array.<anonymous> (C:\Program Files\nodejs\node_modules\npm\node_modules\slide\lib\bind-actor.js:15:8)
27 error typeerror     at LOOP (C:\Program Files\nodejs\node_modules\npm\node_modules\slide\lib\chain.js:15:14)
27 error typeerror     at chain (C:\Program Files\nodejs\node_modules\npm\node_modules\slide\lib\chain.js:20:5)
27 error typeerror     at Uninstaller.loadAllDepsIntoIdealTree (C:\Program Files\nodejs\node_modules\npm\lib\uninstall.js:72:3)
27 error typeerror     at Array.<anonymous> (C:\Program Files\nodejs\node_modules\npm\node_modules\slide\lib\bind-actor.js:15:8)
27 error typeerror     at LOOP (C:\Program Files\nodejs\node_modules\npm\node_modules\slide\lib\chain.js:15:14)
27 error typeerror This is an error with npm itself. Please report this error at:
27 error typeerror     <http://github.com/npm/npm/issues>
28 verbose exit [ 1, true ]
